<?xml version="1.0" encoding="UTF-8"?>
<coverage generated="1694597787298" clover="3.2.0">
  <project timestamp="1694597787298" name="All files">
    <metrics statements="128" coveredstatements="111" conditionals="75" coveredconditionals="54" methods="50" coveredmethods="43" elements="253" coveredelements="208" complexity="0" loc="128" ncloc="128" packages="3" files="3" classes="3"/>
    <package name="date-master">
      <metrics statements="101" coveredstatements="89" conditionals="59" coveredconditionals="45" methods="40" coveredmethods="34"/>
      <file name="unitTestingTask.js" path="/Users/jrogalo/WebstormProjects/date-master/unitTestingTask.js">
        <metrics statements="101" coveredstatements="89" conditionals="59" coveredconditionals="45" methods="40" coveredmethods="34"/>
        <line num="1" count="1" type="stmt"/>
        <line num="2" count="1" type="cond" truecount="2" falsecount="2"/>
        <line num="3" count="0" type="stmt"/>
        <line num="4" count="0" type="stmt"/>
        <line num="6" count="1" type="cond" truecount="1" falsecount="1"/>
        <line num="7" count="1" type="stmt"/>
        <line num="9" count="0" type="stmt"/>
        <line num="24" count="103" type="stmt"/>
        <line num="25" count="103" type="cond" truecount="2" falsecount="0"/>
        <line num="27" count="103" type="cond" truecount="1" falsecount="1"/>
        <line num="28" count="0" type="stmt"/>
        <line num="32" count="103" type="stmt"/>
        <line num="34" count="103" type="stmt"/>
        <line num="37" count="1" type="cond" truecount="2" falsecount="0"/>
        <line num="39" count="1" type="stmt"/>
        <line num="41" count="12" type="stmt"/>
        <line num="44" count="22" type="stmt"/>
        <line num="47" count="10" type="stmt"/>
        <line num="50" count="2" type="stmt"/>
        <line num="53" count="0" type="stmt"/>
        <line num="56" count="22" type="stmt"/>
        <line num="59" count="4" type="stmt"/>
        <line num="62" count="3" type="stmt"/>
        <line num="65" count="1" type="stmt"/>
        <line num="68" count="11" type="stmt"/>
        <line num="71" count="20" type="stmt"/>
        <line num="74" count="12" type="stmt"/>
        <line num="77" count="1" type="stmt"/>
        <line num="80" count="5" type="cond" truecount="1" falsecount="1"/>
        <line num="83" count="1" type="cond" truecount="1" falsecount="1"/>
        <line num="86" count="17" type="stmt"/>
        <line num="89" count="2" type="stmt"/>
        <line num="92" count="17" type="stmt"/>
        <line num="95" count="2" type="stmt"/>
        <line num="98" count="1" type="stmt"/>
        <line num="101" count="1" type="stmt"/>
        <line num="104" count="2" type="stmt"/>
        <line num="107" count="2" type="stmt"/>
        <line num="110" count="9" type="stmt"/>
        <line num="111" count="9" type="stmt"/>
        <line num="112" count="9" type="stmt"/>
        <line num="113" count="9" type="cond" truecount="2" falsecount="0"/>
        <line num="115" count="9" type="cond" truecount="2" falsecount="0"/>
        <line num="117" count="9" type="stmt"/>
        <line num="120" count="0" type="stmt"/>
        <line num="124" count="1" type="stmt"/>
        <line num="125" count="1" type="stmt"/>
        <line num="126" count="25" type="cond" truecount="1" falsecount="1"/>
        <line num="127" count="25" type="stmt"/>
        <line num="130" count="1" type="stmt"/>
        <line num="171" count="36" type="cond" truecount="4" falsecount="0"/>
        <line num="172" count="1" type="stmt"/>
        <line num="175" count="35" type="cond" truecount="6" falsecount="0"/>
        <line num="176" count="1" type="stmt"/>
        <line num="179" count="34" type="cond" truecount="4" falsecount="2"/>
        <line num="181" count="34" type="stmt"/>
        <line num="183" count="34" type="cond" truecount="1" falsecount="1"/>
        <line num="184" count="0" type="stmt"/>
        <line num="186" count="34" type="stmt"/>
        <line num="187" count="179" type="stmt"/>
        <line num="197" count="1" type="stmt"/>
        <line num="206" count="1" type="stmt"/>
        <line num="207" count="48" type="cond" truecount="2" falsecount="0"/>
        <line num="208" count="24" type="stmt"/>
        <line num="210" count="24" type="cond" truecount="2" falsecount="0"/>
        <line num="211" count="22" type="cond" truecount="4" falsecount="0"/>
        <line num="212" count="1" type="stmt"/>
        <line num="213" count="21" type="cond" truecount="1" falsecount="1"/>
        <line num="214" count="21" type="stmt"/>
        <line num="215" count="21" type="stmt"/>
        <line num="216" count="6" type="stmt"/>
        <line num="218" count="15" type="stmt"/>
        <line num="221" count="7" type="stmt"/>
        <line num="224" count="2" type="stmt"/>
        <line num="225" count="2" type="stmt"/>
        <line num="226" count="2" type="stmt"/>
        <line num="230" count="1" type="stmt"/>
        <line num="233" count="5" type="stmt"/>
        <line num="237" count="1" type="stmt"/>
        <line num="243" count="4" type="cond" truecount="2" falsecount="0"/>
        <line num="244" count="2" type="cond" truecount="2" falsecount="0"/>
        <line num="246" count="2" type="cond" truecount="2" falsecount="0"/>
        <line num="256" count="1" type="stmt"/>
        <line num="257" count="4" type="stmt"/>
        <line num="258" count="0" type="cond" truecount="0" falsecount="3"/>
        <line num="259" count="0" type="stmt"/>
        <line num="268" count="1" type="stmt"/>
        <line num="288" count="1" type="stmt"/>
        <line num="289" count="4" type="stmt"/>
        <line num="290" count="4" type="stmt"/>
        <line num="298" count="1" type="stmt"/>
        <line num="299" count="0" type="stmt"/>
        <line num="303" count="1" type="stmt"/>
        <line num="304" count="1" type="stmt"/>
        <line num="305" count="1" type="stmt"/>
        <line num="306" count="1" type="stmt"/>
        <line num="309" count="1" type="stmt"/>
        <line num="316" count="1" type="stmt"/>
        <line num="317" count="0" type="stmt"/>
        <line num="318" count="0" type="stmt"/>
        <line num="321" count="1" type="stmt"/>
      </file>
    </package>
    <package name="date-master.lang">
      <metrics statements="14" coveredstatements="9" conditionals="12" coveredconditionals="6" methods="5" coveredmethods="4"/>
      <file name="pl.js" path="/Users/jrogalo/WebstormProjects/date-master/lang/pl.js">
        <metrics statements="14" coveredstatements="9" conditionals="12" coveredconditionals="6" methods="5" coveredmethods="4"/>
        <line num="1" count="1" type="stmt"/>
        <line num="2" count="1" type="cond" truecount="2" falsecount="2"/>
        <line num="3" count="0" type="stmt"/>
        <line num="4" count="1" type="cond" truecount="1" falsecount="1"/>
        <line num="5" count="1" type="stmt"/>
        <line num="7" count="0" type="stmt"/>
        <line num="10" count="1" type="stmt"/>
        <line num="16" count="5" type="cond" truecount="2" falsecount="0"/>
        <line num="17" count="5" type="stmt"/>
        <line num="24" count="1" type="cond" truecount="1" falsecount="1"/>
        <line num="25" count="1" type="stmt"/>
        <line num="31" count="0" type="cond" truecount="0" falsecount="2"/>
        <line num="32" count="0" type="stmt"/>
        <line num="34" count="0" type="stmt"/>
      </file>
    </package>
    <package name="date-master.mocks">
      <metrics statements="13" coveredstatements="13" conditionals="4" coveredconditionals="3" methods="5" coveredmethods="5"/>
      <file name="mockDateSetup.js" path="/Users/jrogalo/WebstormProjects/date-master/mocks/mockDateSetup.js">
        <metrics statements="13" coveredstatements="13" conditionals="4" coveredconditionals="3" methods="5" coveredmethods="5"/>
        <line num="1" count="1" type="stmt"/>
        <line num="3" count="1" type="stmt"/>
        <line num="7" count="33" type="stmt"/>
        <line num="11" count="30" type="stmt"/>
        <line num="14" count="21" type="stmt"/>
        <line num="15" count="21" type="stmt"/>
        <line num="18" count="21" type="stmt"/>
        <line num="21" count="30" type="cond" truecount="1" falsecount="1"/>
        <line num="22" count="30" type="stmt"/>
        <line num="25" count="30" type="cond" truecount="2" falsecount="0"/>
        <line num="26" count="21" type="stmt"/>
        <line num="30" count="33" type="stmt"/>
        <line num="33" count="1" type="stmt"/>
      </file>
    </package>
  </project>
</coverage>
