<?xml version="1.0" encoding="UTF-8"?>
<coverage generated="1694430227912" clover="3.2.0">
  <project timestamp="1694430227912" name="All files">
    <metrics statements="125" coveredstatements="104" conditionals="79" coveredconditionals="52" methods="49" coveredmethods="40" elements="253" coveredelements="196" complexity="0" loc="125" ncloc="125" packages="2" files="3" classes="3"/>
    <package name="date-master">
      <metrics statements="101" coveredstatements="89" conditionals="59" coveredconditionals="43" methods="40" coveredmethods="34"/>
      <file name="unitTestingTask.js" path="/Users/jrogalo/WebstormProjects/date-master/unitTestingTask.js">
        <metrics statements="101" coveredstatements="89" conditionals="59" coveredconditionals="43" methods="40" coveredmethods="34"/>
        <line num="1" count="1" type="stmt"/>
        <line num="2" count="1" type="cond" truecount="2" falsecount="2"/>
        <line num="3" count="0" type="stmt"/>
        <line num="4" count="0" type="stmt"/>
        <line num="6" count="1" type="cond" truecount="1" falsecount="1"/>
        <line num="7" count="1" type="stmt"/>
        <line num="9" count="0" type="stmt"/>
        <line num="24" count="69" type="stmt"/>
        <line num="25" count="69" type="cond" truecount="2" falsecount="0"/>
        <line num="27" count="69" type="cond" truecount="1" falsecount="1"/>
        <line num="28" count="0" type="stmt"/>
        <line num="32" count="69" type="stmt"/>
        <line num="34" count="69" type="stmt"/>
        <line num="37" count="1" type="cond" truecount="2" falsecount="0"/>
        <line num="39" count="1" type="stmt"/>
        <line num="41" count="19" type="stmt"/>
        <line num="44" count="14" type="stmt"/>
        <line num="47" count="14" type="stmt"/>
        <line num="50" count="5" type="stmt"/>
        <line num="53" count="0" type="stmt"/>
        <line num="56" count="14" type="stmt"/>
        <line num="59" count="5" type="stmt"/>
        <line num="62" count="4" type="stmt"/>
        <line num="65" count="1" type="stmt"/>
        <line num="68" count="19" type="stmt"/>
        <line num="71" count="12" type="stmt"/>
        <line num="74" count="5" type="stmt"/>
        <line num="77" count="1" type="stmt"/>
        <line num="80" count="6" type="cond" truecount="1" falsecount="1"/>
        <line num="83" count="1" type="cond" truecount="1" falsecount="1"/>
        <line num="86" count="11" type="stmt"/>
        <line num="89" count="2" type="stmt"/>
        <line num="92" count="9" type="stmt"/>
        <line num="95" count="2" type="stmt"/>
        <line num="98" count="1" type="stmt"/>
        <line num="101" count="1" type="stmt"/>
        <line num="104" count="4" type="stmt"/>
        <line num="107" count="1" type="stmt"/>
        <line num="110" count="2" type="stmt"/>
        <line num="111" count="2" type="stmt"/>
        <line num="112" count="2" type="stmt"/>
        <line num="113" count="2" type="cond" truecount="1" falsecount="1"/>
        <line num="115" count="2" type="cond" truecount="2" falsecount="0"/>
        <line num="117" count="2" type="stmt"/>
        <line num="120" count="0" type="stmt"/>
        <line num="124" count="1" type="stmt"/>
        <line num="125" count="1" type="stmt"/>
        <line num="126" count="25" type="cond" truecount="1" falsecount="1"/>
        <line num="127" count="25" type="stmt"/>
        <line num="130" count="1" type="stmt"/>
        <line num="171" count="37" type="cond" truecount="4" falsecount="0"/>
        <line num="172" count="1" type="stmt"/>
        <line num="175" count="36" type="cond" truecount="6" falsecount="0"/>
        <line num="176" count="1" type="stmt"/>
        <line num="179" count="35" type="cond" truecount="4" falsecount="2"/>
        <line num="181" count="35" type="stmt"/>
        <line num="183" count="35" type="cond" truecount="1" falsecount="1"/>
        <line num="184" count="0" type="stmt"/>
        <line num="186" count="35" type="stmt"/>
        <line num="187" count="153" type="stmt"/>
        <line num="197" count="1" type="stmt"/>
        <line num="206" count="1" type="stmt"/>
        <line num="207" count="39" type="cond" truecount="2" falsecount="0"/>
        <line num="208" count="34" type="stmt"/>
        <line num="210" count="5" type="cond" truecount="2" falsecount="0"/>
        <line num="211" count="3" type="cond" truecount="4" falsecount="0"/>
        <line num="212" count="1" type="stmt"/>
        <line num="213" count="2" type="cond" truecount="1" falsecount="1"/>
        <line num="214" count="2" type="stmt"/>
        <line num="215" count="2" type="stmt"/>
        <line num="216" count="1" type="stmt"/>
        <line num="218" count="1" type="stmt"/>
        <line num="221" count="2" type="stmt"/>
        <line num="224" count="2" type="stmt"/>
        <line num="225" count="2" type="stmt"/>
        <line num="226" count="2" type="stmt"/>
        <line num="230" count="1" type="stmt"/>
        <line num="233" count="5" type="stmt"/>
        <line num="237" count="2" type="stmt"/>
        <line num="243" count="3" type="cond" truecount="2" falsecount="0"/>
        <line num="244" count="1" type="cond" truecount="1" falsecount="1"/>
        <line num="246" count="2" type="cond" truecount="2" falsecount="0"/>
        <line num="256" count="1" type="stmt"/>
        <line num="257" count="4" type="stmt"/>
        <line num="258" count="0" type="cond" truecount="0" falsecount="3"/>
        <line num="259" count="0" type="stmt"/>
        <line num="268" count="1" type="stmt"/>
        <line num="288" count="1" type="stmt"/>
        <line num="289" count="4" type="stmt"/>
        <line num="290" count="4" type="stmt"/>
        <line num="298" count="1" type="stmt"/>
        <line num="299" count="0" type="stmt"/>
        <line num="303" count="1" type="stmt"/>
        <line num="304" count="1" type="stmt"/>
        <line num="305" count="1" type="stmt"/>
        <line num="306" count="1" type="stmt"/>
        <line num="309" count="1" type="stmt"/>
        <line num="316" count="1" type="stmt"/>
        <line num="317" count="0" type="stmt"/>
        <line num="318" count="0" type="stmt"/>
        <line num="321" count="1" type="stmt"/>
      </file>
    </package>
    <package name="date-master.lang">
      <metrics statements="24" coveredstatements="15" conditionals="20" coveredconditionals="9" methods="9" coveredmethods="6"/>
      <file name="kk.js" path="/Users/jrogalo/WebstormProjects/date-master/lang/kk.js">
        <metrics statements="10" coveredstatements="4" conditionals="8" coveredconditionals="3" methods="4" coveredmethods="1"/>
        <line num="1" count="1" type="stmt"/>
        <line num="2" count="1" type="cond" truecount="2" falsecount="2"/>
        <line num="3" count="0" type="stmt"/>
        <line num="4" count="1" type="cond" truecount="1" falsecount="1"/>
        <line num="5" count="1" type="stmt"/>
        <line num="7" count="0" type="stmt"/>
        <line num="10" count="0" type="stmt"/>
        <line num="16" count="0" type="cond" truecount="0" falsecount="2"/>
        <line num="17" count="0" type="stmt"/>
        <line num="21" count="0" type="stmt"/>
      </file>
      <file name="pl.js" path="/Users/jrogalo/WebstormProjects/date-master/lang/pl.js">
        <metrics statements="14" coveredstatements="11" conditionals="12" coveredconditionals="6" methods="5" coveredmethods="5"/>
        <line num="1" count="1" type="stmt"/>
        <line num="2" count="1" type="cond" truecount="2" falsecount="2"/>
        <line num="3" count="0" type="stmt"/>
        <line num="4" count="1" type="cond" truecount="1" falsecount="1"/>
        <line num="5" count="1" type="stmt"/>
        <line num="7" count="0" type="stmt"/>
        <line num="10" count="1" type="stmt"/>
        <line num="16" count="9" type="cond" truecount="1" falsecount="1"/>
        <line num="17" count="9" type="stmt"/>
        <line num="24" count="3" type="cond" truecount="1" falsecount="1"/>
        <line num="25" count="3" type="stmt"/>
        <line num="31" count="2" type="cond" truecount="1" falsecount="1"/>
        <line num="32" count="2" type="stmt"/>
        <line num="34" count="0" type="stmt"/>
      </file>
    </package>
  </project>
</coverage>
