{"/Users/jrogalo/WebstormProjects/date-master/unitTestingTask.js": {"path":"/Users/jrogalo/WebstormProjects/date-master/unitTestingTask.js","statementMap":{"0":{"start":{"line":1,"column":0},"end":{"line":322,"column":4}},"1":{"start":{"line":2,"column":4},"end":{"line":10,"column":5}},"2":{"start":{"line":3,"column":8},"end":{"line":5,"column":11}},"3":{"start":{"line":4,"column":12},"end":{"line":4,"column":33}},"4":{"start":{"line":6,"column":11},"end":{"line":10,"column":5}},"5":{"start":{"line":7,"column":8},"end":{"line":7,"column":39}},"6":{"start":{"line":9,"column":8},"end":{"line":9,"column":45}},"7":{"start":{"line":24,"column":18},"end":{"line":24,"column":34}},"8":{"start":{"line":25,"column":23},"end":{"line":25,"column":58}},"9":{"start":{"line":27,"column":8},"end":{"line":29,"column":9}},"10":{"start":{"line":28,"column":12},"end":{"line":28,"column":23}},"11":{"start":{"line":32,"column":8},"end":{"line":32,"column":58}},"12":{"start":{"line":34,"column":8},"end":{"line":34,"column":19}},"13":{"start":{"line":37,"column":20},"end":{"line":37,"column":71}},"14":{"start":{"line":39,"column":17},"end":{"line":122,"column":5}},"15":{"start":{"line":41,"column":12},"end":{"line":41,"column":38}},"16":{"start":{"line":44,"column":12},"end":{"line":44,"column":59}},"17":{"start":{"line":47,"column":12},"end":{"line":47,"column":74}},"18":{"start":{"line":50,"column":12},"end":{"line":50,"column":79}},"19":{"start":{"line":53,"column":12},"end":{"line":53,"column":54}},"20":{"start":{"line":56,"column":12},"end":{"line":56,"column":39}},"21":{"start":{"line":59,"column":12},"end":{"line":59,"column":77}},"22":{"start":{"line":62,"column":12},"end":{"line":62,"column":82}},"23":{"start":{"line":65,"column":12},"end":{"line":65,"column":80}},"24":{"start":{"line":68,"column":12},"end":{"line":68,"column":49}},"25":{"start":{"line":71,"column":12},"end":{"line":71,"column":34}},"26":{"start":{"line":74,"column":12},"end":{"line":74,"column":50}},"27":{"start":{"line":77,"column":12},"end":{"line":77,"column":35}},"28":{"start":{"line":80,"column":12},"end":{"line":80,"column":61}},"29":{"start":{"line":83,"column":12},"end":{"line":83,"column":46}},"30":{"start":{"line":86,"column":12},"end":{"line":86,"column":52}},"31":{"start":{"line":89,"column":12},"end":{"line":89,"column":37}},"32":{"start":{"line":92,"column":12},"end":{"line":92,"column":52}},"33":{"start":{"line":95,"column":12},"end":{"line":95,"column":37}},"34":{"start":{"line":98,"column":12},"end":{"line":98,"column":60}},"35":{"start":{"line":101,"column":12},"end":{"line":101,"column":42}},"36":{"start":{"line":104,"column":12},"end":{"line":104,"column":86}},"37":{"start":{"line":107,"column":12},"end":{"line":107,"column":85}},"38":{"start":{"line":110,"column":21},"end":{"line":110,"column":45}},"39":{"start":{"line":111,"column":24},"end":{"line":111,"column":53}},"40":{"start":{"line":112,"column":23},"end":{"line":112,"column":30}},"41":{"start":{"line":113,"column":23},"end":{"line":113,"column":41}},"42":{"start":{"line":115,"column":12},"end":{"line":115,"column":40}},"43":{"start":{"line":117,"column":12},"end":{"line":117,"column":86}},"44":{"start":{"line":120,"column":12},"end":{"line":120,"column":46}},"45":{"start":{"line":124,"column":26},"end":{"line":124,"column":28}},"46":{"start":{"line":125,"column":4},"end":{"line":129,"column":5}},"47":{"start":{"line":126,"column":8},"end":{"line":128,"column":9}},"48":{"start":{"line":127,"column":12},"end":{"line":127,"column":44}},"49":{"start":{"line":130,"column":17},"end":{"line":130,"column":60}},"50":{"start":{"line":171,"column":8},"end":{"line":173,"column":9}},"51":{"start":{"line":172,"column":12},"end":{"line":172,"column":70}},"52":{"start":{"line":175,"column":8},"end":{"line":177,"column":9}},"53":{"start":{"line":176,"column":12},"end":{"line":176,"column":112}},"54":{"start":{"line":179,"column":17},"end":{"line":179,"column":109}},"55":{"start":{"line":181,"column":8},"end":{"line":181,"column":35}},"56":{"start":{"line":183,"column":8},"end":{"line":189,"column":9}},"57":{"start":{"line":184,"column":12},"end":{"line":184,"column":59}},"58":{"start":{"line":186,"column":12},"end":{"line":188,"column":15}},"59":{"start":{"line":187,"column":16},"end":{"line":187,"column":49}},"60":{"start":{"line":197,"column":20},"end":{"line":197,"column":51}},"61":{"start":{"line":206,"column":15},"end":{"line":227,"column":5}},"62":{"start":{"line":207,"column":8},"end":{"line":209,"column":9}},"63":{"start":{"line":208,"column":12},"end":{"line":208,"column":37}},"64":{"start":{"line":210,"column":8},"end":{"line":222,"column":9}},"65":{"start":{"line":211,"column":12},"end":{"line":220,"column":13}},"66":{"start":{"line":212,"column":16},"end":{"line":212,"column":41}},"67":{"start":{"line":213,"column":19},"end":{"line":220,"column":13}},"68":{"start":{"line":214,"column":16},"end":{"line":219,"column":17}},"69":{"start":{"line":215,"column":20},"end":{"line":215,"column":46}},"70":{"start":{"line":216,"column":20},"end":{"line":216,"column":45}},"71":{"start":{"line":218,"column":20},"end":{"line":218,"column":45}},"72":{"start":{"line":221,"column":12},"end":{"line":221,"column":37}},"73":{"start":{"line":224,"column":8},"end":{"line":224,"column":34}},"74":{"start":{"line":225,"column":8},"end":{"line":225,"column":33}},"75":{"start":{"line":226,"column":8},"end":{"line":226,"column":33}},"76":{"start":{"line":230,"column":4},"end":{"line":249,"column":7}},"77":{"start":{"line":233,"column":12},"end":{"line":233,"column":49}},"78":{"start":{"line":237,"column":12},"end":{"line":237,"column":54}},"79":{"start":{"line":243,"column":12},"end":{"line":247,"column":13}},"80":{"start":{"line":244,"column":16},"end":{"line":244,"column":45}},"81":{"start":{"line":246,"column":16},"end":{"line":246,"column":45}},"82":{"start":{"line":256,"column":26},"end":{"line":261,"column":5}},"83":{"start":{"line":257,"column":8},"end":{"line":260,"column":10}},"84":{"start":{"line":258,"column":20},"end":{"line":258,"column":81}},"85":{"start":{"line":259,"column":12},"end":{"line":259,"column":44}},"86":{"start":{"line":268,"column":21},"end":{"line":268,"column":53}},"87":{"start":{"line":288,"column":19},"end":{"line":291,"column":5}},"88":{"start":{"line":289,"column":8},"end":{"line":289,"column":51}},"89":{"start":{"line":290,"column":8},"end":{"line":290,"column":32}},"90":{"start":{"line":298,"column":4},"end":{"line":300,"column":6}},"91":{"start":{"line":299,"column":8},"end":{"line":299,"column":56}},"92":{"start":{"line":303,"column":4},"end":{"line":303,"column":38}},"93":{"start":{"line":304,"column":4},"end":{"line":304,"column":36}},"94":{"start":{"line":305,"column":4},"end":{"line":305,"column":51}},"95":{"start":{"line":306,"column":4},"end":{"line":306,"column":54}},"96":{"start":{"line":309,"column":19},"end":{"line":309,"column":39}},"97":{"start":{"line":316,"column":4},"end":{"line":319,"column":6}},"98":{"start":{"line":317,"column":8},"end":{"line":317,"column":40}},"99":{"start":{"line":318,"column":8},"end":{"line":318,"column":20}},"100":{"start":{"line":321,"column":4},"end":{"line":321,"column":27}}},"fnMap":{"0":{"name":"(anonymous_0)","decl":{"start":{"line":1,"column":1},"end":{"line":1,"column":2}},"loc":{"start":{"line":1,"column":26},"end":{"line":11,"column":1}},"line":1},"1":{"name":"(anonymous_1)","decl":{"start":{"line":3,"column":19},"end":{"line":3,"column":20}},"loc":{"start":{"line":3,"column":31},"end":{"line":5,"column":9}},"line":3},"2":{"name":"(anonymous_2)","decl":{"start":{"line":11,"column":8},"end":{"line":11,"column":9}},"loc":{"start":{"line":11,"column":24},"end":{"line":322,"column":1}},"line":11},"3":{"name":"leadingZeroes","decl":{"start":{"line":23,"column":13},"end":{"line":23,"column":26}},"loc":{"start":{"line":23,"column":42},"end":{"line":35,"column":5}},"line":23},"4":{"name":"(anonymous_4)","decl":{"start":{"line":40,"column":14},"end":{"line":40,"column":15}},"loc":{"start":{"line":40,"column":30},"end":{"line":42,"column":9}},"line":40},"5":{"name":"(anonymous_5)","decl":{"start":{"line":43,"column":12},"end":{"line":43,"column":13}},"loc":{"start":{"line":43,"column":28},"end":{"line":45,"column":9}},"line":43},"6":{"name":"(anonymous_6)","decl":{"start":{"line":46,"column":14},"end":{"line":46,"column":15}},"loc":{"start":{"line":46,"column":38},"end":{"line":48,"column":9}},"line":46},"7":{"name":"(anonymous_7)","decl":{"start":{"line":49,"column":13},"end":{"line":49,"column":14}},"loc":{"start":{"line":49,"column":37},"end":{"line":51,"column":9}},"line":49},"8":{"name":"(anonymous_8)","decl":{"start":{"line":52,"column":12},"end":{"line":52,"column":13}},"loc":{"start":{"line":52,"column":28},"end":{"line":54,"column":9}},"line":52},"9":{"name":"(anonymous_9)","decl":{"start":{"line":55,"column":11},"end":{"line":55,"column":12}},"loc":{"start":{"line":55,"column":27},"end":{"line":57,"column":9}},"line":55},"10":{"name":"(anonymous_10)","decl":{"start":{"line":58,"column":13},"end":{"line":58,"column":14}},"loc":{"start":{"line":58,"column":29},"end":{"line":60,"column":9}},"line":58},"11":{"name":"(anonymous_11)","decl":{"start":{"line":61,"column":12},"end":{"line":61,"column":13}},"loc":{"start":{"line":61,"column":28},"end":{"line":63,"column":9}},"line":61},"12":{"name":"(anonymous_12)","decl":{"start":{"line":64,"column":11},"end":{"line":64,"column":12}},"loc":{"start":{"line":64,"column":27},"end":{"line":66,"column":9}},"line":64},"13":{"name":"(anonymous_13)","decl":{"start":{"line":67,"column":12},"end":{"line":67,"column":13}},"loc":{"start":{"line":67,"column":28},"end":{"line":69,"column":9}},"line":67},"14":{"name":"(anonymous_14)","decl":{"start":{"line":70,"column":11},"end":{"line":70,"column":12}},"loc":{"start":{"line":70,"column":27},"end":{"line":72,"column":9}},"line":70},"15":{"name":"(anonymous_15)","decl":{"start":{"line":73,"column":12},"end":{"line":73,"column":13}},"loc":{"start":{"line":73,"column":28},"end":{"line":75,"column":9}},"line":73},"16":{"name":"(anonymous_16)","decl":{"start":{"line":76,"column":11},"end":{"line":76,"column":12}},"loc":{"start":{"line":76,"column":27},"end":{"line":78,"column":9}},"line":76},"17":{"name":"(anonymous_17)","decl":{"start":{"line":79,"column":12},"end":{"line":79,"column":13}},"loc":{"start":{"line":79,"column":28},"end":{"line":81,"column":9}},"line":79},"18":{"name":"(anonymous_18)","decl":{"start":{"line":82,"column":11},"end":{"line":82,"column":12}},"loc":{"start":{"line":82,"column":27},"end":{"line":84,"column":9}},"line":82},"19":{"name":"(anonymous_19)","decl":{"start":{"line":85,"column":12},"end":{"line":85,"column":13}},"loc":{"start":{"line":85,"column":28},"end":{"line":87,"column":9}},"line":85},"20":{"name":"(anonymous_20)","decl":{"start":{"line":88,"column":11},"end":{"line":88,"column":12}},"loc":{"start":{"line":88,"column":27},"end":{"line":90,"column":9}},"line":88},"21":{"name":"(anonymous_21)","decl":{"start":{"line":91,"column":12},"end":{"line":91,"column":13}},"loc":{"start":{"line":91,"column":28},"end":{"line":93,"column":9}},"line":91},"22":{"name":"(anonymous_22)","decl":{"start":{"line":94,"column":11},"end":{"line":94,"column":12}},"loc":{"start":{"line":94,"column":27},"end":{"line":96,"column":9}},"line":94},"23":{"name":"(anonymous_23)","decl":{"start":{"line":97,"column":12},"end":{"line":97,"column":13}},"loc":{"start":{"line":97,"column":28},"end":{"line":99,"column":9}},"line":97},"24":{"name":"(anonymous_24)","decl":{"start":{"line":100,"column":11},"end":{"line":100,"column":12}},"loc":{"start":{"line":100,"column":27},"end":{"line":102,"column":9}},"line":100},"25":{"name":"(anonymous_25)","decl":{"start":{"line":103,"column":11},"end":{"line":103,"column":12}},"loc":{"start":{"line":103,"column":27},"end":{"line":105,"column":9}},"line":103},"26":{"name":"(anonymous_26)","decl":{"start":{"line":106,"column":11},"end":{"line":106,"column":12}},"loc":{"start":{"line":106,"column":27},"end":{"line":108,"column":9}},"line":106},"27":{"name":"(anonymous_27)","decl":{"start":{"line":109,"column":12},"end":{"line":109,"column":13}},"loc":{"start":{"line":109,"column":47},"end":{"line":118,"column":9}},"line":109},"28":{"name":"(anonymous_28)","decl":{"start":{"line":119,"column":11},"end":{"line":119,"column":12}},"loc":{"start":{"line":119,"column":27},"end":{"line":121,"column":9}},"line":119},"29":{"name":"unitTestingTask","decl":{"start":{"line":170,"column":13},"end":{"line":170,"column":28}},"loc":{"start":{"line":170,"column":44},"end":{"line":190,"column":5}},"line":170},"30":{"name":"(anonymous_30)","decl":{"start":{"line":186,"column":42},"end":{"line":186,"column":43}},"loc":{"start":{"line":186,"column":59},"end":{"line":188,"column":13}},"line":186},"31":{"name":"(anonymous_31)","decl":{"start":{"line":206,"column":38},"end":{"line":206,"column":39}},"loc":{"start":{"line":206,"column":63},"end":{"line":227,"column":5}},"line":206},"32":{"name":"(anonymous_32)","decl":{"start":{"line":232,"column":16},"end":{"line":232,"column":17}},"loc":{"start":{"line":232,"column":32},"end":{"line":234,"column":9}},"line":232},"33":{"name":"(anonymous_33)","decl":{"start":{"line":236,"column":21},"end":{"line":236,"column":22}},"loc":{"start":{"line":236,"column":37},"end":{"line":238,"column":9}},"line":236},"34":{"name":"(anonymous_34)","decl":{"start":{"line":242,"column":19},"end":{"line":242,"column":20}},"loc":{"start":{"line":242,"column":45},"end":{"line":248,"column":9}},"line":242},"35":{"name":"(anonymous_35)","decl":{"start":{"line":256,"column":26},"end":{"line":256,"column":27}},"loc":{"start":{"line":256,"column":44},"end":{"line":261,"column":5}},"line":256},"36":{"name":"(anonymous_36)","decl":{"start":{"line":257,"column":15},"end":{"line":257,"column":16}},"loc":{"start":{"line":257,"column":31},"end":{"line":260,"column":9}},"line":257},"37":{"name":"(anonymous_37)","decl":{"start":{"line":288,"column":46},"end":{"line":288,"column":47}},"loc":{"start":{"line":288,"column":70},"end":{"line":291,"column":5}},"line":288},"38":{"name":"(anonymous_38)","decl":{"start":{"line":298,"column":33},"end":{"line":298,"column":34}},"loc":{"start":{"line":298,"column":45},"end":{"line":300,"column":5}},"line":298},"39":{"name":"(anonymous_39)","decl":{"start":{"line":316,"column":33},"end":{"line":316,"column":34}},"loc":{"start":{"line":316,"column":45},"end":{"line":319,"column":5}},"line":316}},"branchMap":{"0":{"loc":{"start":{"line":2,"column":4},"end":{"line":10,"column":5}},"type":"if","locations":[{"start":{"line":2,"column":4},"end":{"line":10,"column":5}},{"start":{"line":6,"column":11},"end":{"line":10,"column":5}}],"line":2},"1":{"loc":{"start":{"line":2,"column":8},"end":{"line":2,"column":50}},"type":"binary-expr","locations":[{"start":{"line":2,"column":8},"end":{"line":2,"column":36}},{"start":{"line":2,"column":40},"end":{"line":2,"column":50}}],"line":2},"2":{"loc":{"start":{"line":6,"column":11},"end":{"line":10,"column":5}},"type":"if","locations":[{"start":{"line":6,"column":11},"end":{"line":10,"column":5}},{"start":{"line":8,"column":11},"end":{"line":10,"column":5}}],"line":6},"3":{"loc":{"start":{"line":25,"column":23},"end":{"line":25,"column":58}},"type":"cond-expr","locations":[{"start":{"line":25,"column":48},"end":{"line":25,"column":54}},{"start":{"line":25,"column":57},"end":{"line":25,"column":58}}],"line":25},"4":{"loc":{"start":{"line":27,"column":8},"end":{"line":29,"column":9}},"type":"if","locations":[{"start":{"line":27,"column":8},"end":{"line":29,"column":9}},{"start":{},"end":{}}],"line":27},"5":{"loc":{"start":{"line":37,"column":23},"end":{"line":37,"column":70}},"type":"binary-expr","locations":[{"start":{"line":37,"column":23},"end":{"line":37,"column":52}},{"start":{"line":37,"column":56},"end":{"line":37,"column":70}}],"line":37},"6":{"loc":{"start":{"line":80,"column":33},"end":{"line":80,"column":59}},"type":"binary-expr","locations":[{"start":{"line":80,"column":33},"end":{"line":80,"column":53}},{"start":{"line":80,"column":57},"end":{"line":80,"column":59}}],"line":80},"7":{"loc":{"start":{"line":83,"column":19},"end":{"line":83,"column":45}},"type":"binary-expr","locations":[{"start":{"line":83,"column":19},"end":{"line":83,"column":39}},{"start":{"line":83,"column":43},"end":{"line":83,"column":45}}],"line":83},"8":{"loc":{"start":{"line":113,"column":23},"end":{"line":113,"column":41}},"type":"cond-expr","locations":[{"start":{"line":113,"column":32},"end":{"line":113,"column":35}},{"start":{"line":113,"column":38},"end":{"line":113,"column":41}}],"line":113},"9":{"loc":{"start":{"line":115,"column":24},"end":{"line":115,"column":39}},"type":"binary-expr","locations":[{"start":{"line":115,"column":24},"end":{"line":115,"column":33}},{"start":{"line":115,"column":37},"end":{"line":115,"column":39}}],"line":115},"10":{"loc":{"start":{"line":126,"column":8},"end":{"line":128,"column":9}},"type":"if","locations":[{"start":{"line":126,"column":8},"end":{"line":128,"column":9}},{"start":{},"end":{}}],"line":126},"11":{"loc":{"start":{"line":171,"column":8},"end":{"line":173,"column":9}},"type":"if","locations":[{"start":{"line":171,"column":8},"end":{"line":173,"column":9}},{"start":{},"end":{}}],"line":171},"12":{"loc":{"start":{"line":171,"column":12},"end":{"line":171,"column":49}},"type":"binary-expr","locations":[{"start":{"line":171,"column":12},"end":{"line":171,"column":19}},{"start":{"line":171,"column":23},"end":{"line":171,"column":49}}],"line":171},"13":{"loc":{"start":{"line":175,"column":8},"end":{"line":177,"column":9}},"type":"if","locations":[{"start":{"line":175,"column":8},"end":{"line":177,"column":9}},{"start":{},"end":{}}],"line":175},"14":{"loc":{"start":{"line":175,"column":12},"end":{"line":175,"column":113}},"type":"binary-expr","locations":[{"start":{"line":175,"column":12},"end":{"line":175,"column":30}},{"start":{"line":175,"column":34},"end":{"line":175,"column":57}},{"start":{"line":175,"column":61},"end":{"line":175,"column":85}},{"start":{"line":175,"column":89},"end":{"line":175,"column":113}}],"line":175},"15":{"loc":{"start":{"line":179,"column":17},"end":{"line":179,"column":109}},"type":"cond-expr","locations":[{"start":{"line":179,"column":52},"end":{"line":179,"column":96}},{"start":{"line":179,"column":99},"end":{"line":179,"column":109}}],"line":179},"16":{"loc":{"start":{"line":179,"column":18},"end":{"line":179,"column":48}},"type":"binary-expr","locations":[{"start":{"line":179,"column":18},"end":{"line":179,"column":40}},{"start":{"line":179,"column":44},"end":{"line":179,"column":48}}],"line":179},"17":{"loc":{"start":{"line":179,"column":52},"end":{"line":179,"column":96}},"type":"cond-expr","locations":[{"start":{"line":179,"column":75},"end":{"line":179,"column":79}},{"start":{"line":179,"column":82},"end":{"line":179,"column":96}}],"line":179},"18":{"loc":{"start":{"line":183,"column":8},"end":{"line":189,"column":9}},"type":"if","locations":[{"start":{"line":183,"column":8},"end":{"line":189,"column":9}},{"start":{"line":185,"column":15},"end":{"line":189,"column":9}}],"line":183},"19":{"loc":{"start":{"line":207,"column":8},"end":{"line":209,"column":9}},"type":"if","locations":[{"start":{"line":207,"column":8},"end":{"line":209,"column":9}},{"start":{},"end":{}}],"line":207},"20":{"loc":{"start":{"line":210,"column":8},"end":{"line":222,"column":9}},"type":"if","locations":[{"start":{"line":210,"column":8},"end":{"line":222,"column":9}},{"start":{},"end":{}}],"line":210},"21":{"loc":{"start":{"line":211,"column":12},"end":{"line":220,"column":13}},"type":"if","locations":[{"start":{"line":211,"column":12},"end":{"line":220,"column":13}},{"start":{"line":213,"column":19},"end":{"line":220,"column":13}}],"line":211},"22":{"loc":{"start":{"line":211,"column":16},"end":{"line":211,"column":61}},"type":"binary-expr","locations":[{"start":{"line":211,"column":16},"end":{"line":211,"column":31}},{"start":{"line":211,"column":35},"end":{"line":211,"column":61}}],"line":211},"23":{"loc":{"start":{"line":213,"column":19},"end":{"line":220,"column":13}},"type":"if","locations":[{"start":{"line":213,"column":19},"end":{"line":220,"column":13}},{"start":{},"end":{}}],"line":213},"24":{"loc":{"start":{"line":243,"column":12},"end":{"line":247,"column":13}},"type":"if","locations":[{"start":{"line":243,"column":12},"end":{"line":247,"column":13}},{"start":{"line":245,"column":19},"end":{"line":247,"column":13}}],"line":243},"25":{"loc":{"start":{"line":244,"column":23},"end":{"line":244,"column":44}},"type":"cond-expr","locations":[{"start":{"line":244,"column":33},"end":{"line":244,"column":37}},{"start":{"line":244,"column":40},"end":{"line":244,"column":44}}],"line":244},"26":{"loc":{"start":{"line":246,"column":23},"end":{"line":246,"column":44}},"type":"cond-expr","locations":[{"start":{"line":246,"column":33},"end":{"line":246,"column":37}},{"start":{"line":246,"column":40},"end":{"line":246,"column":44}}],"line":246},"27":{"loc":{"start":{"line":258,"column":20},"end":{"line":258,"column":81}},"type":"binary-expr","locations":[{"start":{"line":258,"column":20},"end":{"line":258,"column":50}},{"start":{"line":258,"column":54},"end":{"line":258,"column":71}},{"start":{"line":258,"column":75},"end":{"line":258,"column":81}}],"line":258}},"s":{"0":1,"1":1,"2":0,"3":0,"4":1,"5":1,"6":0,"7":69,"8":69,"9":69,"10":0,"11":69,"12":69,"13":1,"14":1,"15":19,"16":14,"17":14,"18":5,"19":0,"20":14,"21":5,"22":4,"23":1,"24":19,"25":12,"26":5,"27":1,"28":6,"29":1,"30":11,"31":2,"32":9,"33":2,"34":1,"35":1,"36":4,"37":1,"38":2,"39":2,"40":2,"41":2,"42":2,"43":2,"44":0,"45":1,"46":1,"47":25,"48":25,"49":1,"50":37,"51":1,"52":36,"53":1,"54":35,"55":35,"56":35,"57":0,"58":35,"59":153,"60":1,"61":1,"62":39,"63":34,"64":5,"65":3,"66":1,"67":2,"68":2,"69":2,"70":1,"71":1,"72":2,"73":2,"74":2,"75":2,"76":1,"77":5,"78":2,"79":3,"80":1,"81":2,"82":1,"83":4,"84":0,"85":0,"86":1,"87":1,"88":4,"89":4,"90":1,"91":0,"92":1,"93":1,"94":1,"95":1,"96":1,"97":1,"98":0,"99":0,"100":1},"f":{"0":1,"1":0,"2":1,"3":69,"4":19,"5":14,"6":14,"7":5,"8":0,"9":14,"10":5,"11":4,"12":1,"13":19,"14":12,"15":5,"16":1,"17":6,"18":1,"19":11,"20":2,"21":9,"22":2,"23":1,"24":1,"25":4,"26":1,"27":2,"28":0,"29":37,"30":153,"31":39,"32":5,"33":2,"34":3,"35":4,"36":0,"37":4,"38":0,"39":0},"b":{"0":[0,1],"1":[1,0],"2":[1,0],"3":[1,68],"4":[0,69],"5":[1,1],"6":[6,0],"7":[1,0],"8":[0,2],"9":[2,2],"10":[25,0],"11":[1,36],"12":[37,36],"13":[1,35],"14":[36,36,1,1],"15":[35,0],"16":[35,35],"17":[35,0],"18":[0,35],"19":[34,5],"20":[3,2],"21":[1,2],"22":[3,1],"23":[2,0],"24":[1,2],"25":[0,1],"26":[1,1],"27":[0,0,0]},"_coverageSchema":"1a1c01bbd47fc00a2c39e90264f33305004495a9","hash":"1890a89b3ad87b17c88ba3d8ca5619236114a45d"}
,"/Users/jrogalo/WebstormProjects/date-master/lang/kk.js": {"path":"/Users/jrogalo/WebstormProjects/date-master/lang/kk.js","statementMap":{"0":{"start":{"line":1,"column":0},"end":{"line":27,"column":4}},"1":{"start":{"line":2,"column":4},"end":{"line":8,"column":5}},"2":{"start":{"line":3,"column":8},"end":{"line":3,"column":45}},"3":{"start":{"line":4,"column":11},"end":{"line":8,"column":5}},"4":{"start":{"line":5,"column":8},"end":{"line":5,"column":61}},"5":{"start":{"line":7,"column":8},"end":{"line":7,"column":40}},"6":{"start":{"line":10,"column":4},"end":{"line":26,"column":7}},"7":{"start":{"line":16,"column":27},"end":{"line":16,"column":83}},"8":{"start":{"line":17,"column":12},"end":{"line":17,"column":59}},"9":{"start":{"line":21,"column":12},"end":{"line":21,"column":54}}},"fnMap":{"0":{"name":"(anonymous_0)","decl":{"start":{"line":1,"column":1},"end":{"line":1,"column":2}},"loc":{"start":{"line":1,"column":20},"end":{"line":9,"column":1}},"line":1},"1":{"name":"(anonymous_1)","decl":{"start":{"line":9,"column":2},"end":{"line":9,"column":3}},"loc":{"start":{"line":9,"column":29},"end":{"line":27,"column":1}},"line":9},"2":{"name":"(anonymous_2)","decl":{"start":{"line":15,"column":16},"end":{"line":15,"column":17}},"loc":{"start":{"line":15,"column":40},"end":{"line":18,"column":9}},"line":15},"3":{"name":"(anonymous_3)","decl":{"start":{"line":20,"column":21},"end":{"line":20,"column":22}},"loc":{"start":{"line":20,"column":37},"end":{"line":22,"column":9}},"line":20}},"branchMap":{"0":{"loc":{"start":{"line":2,"column":4},"end":{"line":8,"column":5}},"type":"if","locations":[{"start":{"line":2,"column":4},"end":{"line":8,"column":5}},{"start":{"line":4,"column":11},"end":{"line":8,"column":5}}],"line":2},"1":{"loc":{"start":{"line":2,"column":8},"end":{"line":2,"column":50}},"type":"binary-expr","locations":[{"start":{"line":2,"column":8},"end":{"line":2,"column":36}},{"start":{"line":2,"column":40},"end":{"line":2,"column":50}}],"line":2},"2":{"loc":{"start":{"line":4,"column":11},"end":{"line":8,"column":5}},"type":"if","locations":[{"start":{"line":4,"column":11},"end":{"line":8,"column":5}},{"start":{"line":6,"column":11},"end":{"line":8,"column":5}}],"line":4},"3":{"loc":{"start":{"line":16,"column":27},"end":{"line":16,"column":83}},"type":"cond-expr","locations":[{"start":{"line":16,"column":56},"end":{"line":16,"column":68}},{"start":{"line":16,"column":71},"end":{"line":16,"column":83}}],"line":16}},"s":{"0":1,"1":1,"2":0,"3":1,"4":1,"5":0,"6":0,"7":0,"8":0,"9":0},"f":{"0":1,"1":0,"2":0,"3":0},"b":{"0":[0,1],"1":[1,0],"2":[1,0],"3":[0,0]},"_coverageSchema":"1a1c01bbd47fc00a2c39e90264f33305004495a9","hash":"ceeb6d64f7e399f627aac40b3787b7e4eb5ecd7c"}
,"/Users/jrogalo/WebstormProjects/date-master/lang/pl.js": {"path":"/Users/jrogalo/WebstormProjects/date-master/lang/pl.js","statementMap":{"0":{"start":{"line":1,"column":0},"end":{"line":38,"column":4}},"1":{"start":{"line":2,"column":4},"end":{"line":8,"column":5}},"2":{"start":{"line":3,"column":8},"end":{"line":3,"column":45}},"3":{"start":{"line":4,"column":11},"end":{"line":8,"column":5}},"4":{"start":{"line":5,"column":8},"end":{"line":5,"column":64}},"5":{"start":{"line":7,"column":8},"end":{"line":7,"column":40}},"6":{"start":{"line":10,"column":4},"end":{"line":37,"column":7}},"7":{"start":{"line":16,"column":27},"end":{"line":16,"column":83}},"8":{"start":{"line":17,"column":12},"end":{"line":17,"column":59}},"9":{"start":{"line":24,"column":27},"end":{"line":24,"column":83}},"10":{"start":{"line":25,"column":12},"end":{"line":25,"column":64}},"11":{"start":{"line":31,"column":12},"end":{"line":35,"column":13}},"12":{"start":{"line":32,"column":16},"end":{"line":32,"column":30}},"13":{"start":{"line":34,"column":16},"end":{"line":34,"column":26}}},"fnMap":{"0":{"name":"(anonymous_0)","decl":{"start":{"line":1,"column":1},"end":{"line":1,"column":2}},"loc":{"start":{"line":1,"column":20},"end":{"line":9,"column":1}},"line":1},"1":{"name":"(anonymous_1)","decl":{"start":{"line":9,"column":2},"end":{"line":9,"column":3}},"loc":{"start":{"line":9,"column":29},"end":{"line":38,"column":1}},"line":9},"2":{"name":"(anonymous_2)","decl":{"start":{"line":15,"column":16},"end":{"line":15,"column":17}},"loc":{"start":{"line":15,"column":40},"end":{"line":18,"column":9}},"line":15},"3":{"name":"(anonymous_3)","decl":{"start":{"line":23,"column":21},"end":{"line":23,"column":22}},"loc":{"start":{"line":23,"column":45},"end":{"line":26,"column":9}},"line":23},"4":{"name":"(anonymous_4)","decl":{"start":{"line":30,"column":19},"end":{"line":30,"column":20}},"loc":{"start":{"line":30,"column":35},"end":{"line":36,"column":9}},"line":30}},"branchMap":{"0":{"loc":{"start":{"line":2,"column":4},"end":{"line":8,"column":5}},"type":"if","locations":[{"start":{"line":2,"column":4},"end":{"line":8,"column":5}},{"start":{"line":4,"column":11},"end":{"line":8,"column":5}}],"line":2},"1":{"loc":{"start":{"line":2,"column":8},"end":{"line":2,"column":50}},"type":"binary-expr","locations":[{"start":{"line":2,"column":8},"end":{"line":2,"column":36}},{"start":{"line":2,"column":40},"end":{"line":2,"column":50}}],"line":2},"2":{"loc":{"start":{"line":4,"column":11},"end":{"line":8,"column":5}},"type":"if","locations":[{"start":{"line":4,"column":11},"end":{"line":8,"column":5}},{"start":{"line":6,"column":11},"end":{"line":8,"column":5}}],"line":4},"3":{"loc":{"start":{"line":16,"column":27},"end":{"line":16,"column":83}},"type":"cond-expr","locations":[{"start":{"line":16,"column":56},"end":{"line":16,"column":68}},{"start":{"line":16,"column":71},"end":{"line":16,"column":83}}],"line":16},"4":{"loc":{"start":{"line":24,"column":27},"end":{"line":24,"column":83}},"type":"cond-expr","locations":[{"start":{"line":24,"column":56},"end":{"line":24,"column":68}},{"start":{"line":24,"column":71},"end":{"line":24,"column":83}}],"line":24},"5":{"loc":{"start":{"line":31,"column":12},"end":{"line":35,"column":13}},"type":"if","locations":[{"start":{"line":31,"column":12},"end":{"line":35,"column":13}},{"start":{"line":33,"column":19},"end":{"line":35,"column":13}}],"line":31}},"s":{"0":1,"1":1,"2":0,"3":1,"4":1,"5":0,"6":1,"7":9,"8":9,"9":3,"10":3,"11":2,"12":2,"13":0},"f":{"0":1,"1":1,"2":9,"3":3,"4":2},"b":{"0":[0,1],"1":[1,0],"2":[1,0],"3":[9,0],"4":[3,0],"5":[2,0]},"_coverageSchema":"1a1c01bbd47fc00a2c39e90264f33305004495a9","hash":"7cbb388840db05c33abd5ca64e1b446fdd9b66c5"}
}
