TN:
SF:unitTestingTask.js
FN:1,(anonymous_0)
FN:3,(anonymous_1)
FN:11,(anonymous_2)
FN:23,leadingZeroes
FN:40,(anonymous_4)
FN:43,(anonymous_5)
FN:46,(anonymous_6)
FN:49,(anonymous_7)
FN:52,(anonymous_8)
FN:55,(anonymous_9)
FN:58,(anonymous_10)
FN:61,(anonymous_11)
FN:64,(anonymous_12)
FN:67,(anonymous_13)
FN:70,(anonymous_14)
FN:73,(anonymous_15)
FN:76,(anonymous_16)
FN:79,(anonymous_17)
FN:82,(anonymous_18)
FN:85,(anonymous_19)
FN:88,(anonymous_20)
FN:91,(anonymous_21)
FN:94,(anonymous_22)
FN:97,(anonymous_23)
FN:100,(anonymous_24)
FN:103,(anonymous_25)
FN:106,(anonymous_26)
FN:109,(anonymous_27)
FN:119,(anonymous_28)
FN:170,unitTestingTask
FN:186,(anonymous_30)
FN:206,(anonymous_31)
FN:232,(anonymous_32)
FN:236,(anonymous_33)
FN:242,(anonymous_34)
FN:256,(anonymous_35)
FN:257,(anonymous_36)
FN:288,(anonymous_37)
FN:298,(anonymous_38)
FN:316,(anonymous_39)
FNF:40
FNH:34
FNDA:1,(anonymous_0)
FNDA:0,(anonymous_1)
FNDA:1,(anonymous_2)
FNDA:103,leadingZeroes
FNDA:12,(anonymous_4)
FNDA:22,(anonymous_5)
FNDA:10,(anonymous_6)
FNDA:2,(anonymous_7)
FNDA:0,(anonymous_8)
FNDA:22,(anonymous_9)
FNDA:4,(anonymous_10)
FNDA:3,(anonymous_11)
FNDA:1,(anonymous_12)
FNDA:11,(anonymous_13)
FNDA:20,(anonymous_14)
FNDA:12,(anonymous_15)
FNDA:1,(anonymous_16)
FNDA:5,(anonymous_17)
FNDA:1,(anonymous_18)
FNDA:17,(anonymous_19)
FNDA:2,(anonymous_20)
FNDA:17,(anonymous_21)
FNDA:2,(anonymous_22)
FNDA:1,(anonymous_23)
FNDA:1,(anonymous_24)
FNDA:2,(anonymous_25)
FNDA:2,(anonymous_26)
FNDA:9,(anonymous_27)
FNDA:0,(anonymous_28)
FNDA:36,unitTestingTask
FNDA:179,(anonymous_30)
FNDA:48,(anonymous_31)
FNDA:5,(anonymous_32)
FNDA:1,(anonymous_33)
FNDA:4,(anonymous_34)
FNDA:4,(anonymous_35)
FNDA:0,(anonymous_36)
FNDA:4,(anonymous_37)
FNDA:0,(anonymous_38)
FNDA:0,(anonymous_39)
DA:1,1
DA:2,1
DA:3,0
DA:4,0
DA:6,1
DA:7,1
DA:9,0
DA:24,103
DA:25,103
DA:27,103
DA:28,0
DA:32,103
DA:34,103
DA:37,1
DA:39,1
DA:41,12
DA:44,22
DA:47,10
DA:50,2
DA:53,0
DA:56,22
DA:59,4
DA:62,3
DA:65,1
DA:68,11
DA:71,20
DA:74,12
DA:77,1
DA:80,5
DA:83,1
DA:86,17
DA:89,2
DA:92,17
DA:95,2
DA:98,1
DA:101,1
DA:104,2
DA:107,2
DA:110,9
DA:111,9
DA:112,9
DA:113,9
DA:115,9
DA:117,9
DA:120,0
DA:124,1
DA:125,1
DA:126,25
DA:127,25
DA:130,1
DA:171,36
DA:172,1
DA:175,35
DA:176,1
DA:179,34
DA:181,34
DA:183,34
DA:184,0
DA:186,34
DA:187,179
DA:197,1
DA:206,1
DA:207,48
DA:208,24
DA:210,24
DA:211,22
DA:212,1
DA:213,21
DA:214,21
DA:215,21
DA:216,6
DA:218,15
DA:221,7
DA:224,2
DA:225,2
DA:226,2
DA:230,1
DA:233,5
DA:237,1
DA:243,4
DA:244,2
DA:246,2
DA:256,1
DA:257,4
DA:258,0
DA:259,0
DA:268,1
DA:288,1
DA:289,4
DA:290,4
DA:298,1
DA:299,0
DA:303,1
DA:304,1
DA:305,1
DA:306,1
DA:309,1
DA:316,1
DA:317,0
DA:318,0
DA:321,1
LF:101
LH:89
BRDA:2,0,0,0
BRDA:2,0,1,1
BRDA:2,1,0,1
BRDA:2,1,1,0
BRDA:6,2,0,1
BRDA:6,2,1,0
BRDA:25,3,0,1
BRDA:25,3,1,102
BRDA:27,4,0,0
BRDA:27,4,1,103
BRDA:37,5,0,1
BRDA:37,5,1,1
BRDA:80,6,0,5
BRDA:80,6,1,0
BRDA:83,7,0,1
BRDA:83,7,1,0
BRDA:113,8,0,4
BRDA:113,8,1,5
BRDA:115,9,0,9
BRDA:115,9,1,9
BRDA:126,10,0,25
BRDA:126,10,1,0
BRDA:171,11,0,1
BRDA:171,11,1,35
BRDA:171,12,0,36
BRDA:171,12,1,35
BRDA:175,13,0,1
BRDA:175,13,1,34
BRDA:175,14,0,35
BRDA:175,14,1,35
BRDA:175,14,2,1
BRDA:175,14,3,1
BRDA:179,15,0,34
BRDA:179,15,1,0
BRDA:179,16,0,34
BRDA:179,16,1,34
BRDA:179,17,0,34
BRDA:179,17,1,0
BRDA:183,18,0,0
BRDA:183,18,1,34
BRDA:207,19,0,24
BRDA:207,19,1,24
BRDA:210,20,0,22
BRDA:210,20,1,2
BRDA:211,21,0,1
BRDA:211,21,1,21
BRDA:211,22,0,22
BRDA:211,22,1,21
BRDA:213,23,0,21
BRDA:213,23,1,0
BRDA:243,24,0,2
BRDA:243,24,1,2
BRDA:244,25,0,1
BRDA:244,25,1,1
BRDA:246,26,0,1
BRDA:246,26,1,1
BRDA:258,27,0,0
BRDA:258,27,1,0
BRDA:258,27,2,0
BRF:59
BRH:45
end_of_record
TN:
SF:lang/pl.js
FN:1,(anonymous_0)
FN:9,(anonymous_1)
FN:15,(anonymous_2)
FN:23,(anonymous_3)
FN:30,(anonymous_4)
FNF:5
FNH:4
FNDA:1,(anonymous_0)
FNDA:1,(anonymous_1)
FNDA:5,(anonymous_2)
FNDA:1,(anonymous_3)
FNDA:0,(anonymous_4)
DA:1,1
DA:2,1
DA:3,0
DA:4,1
DA:5,1
DA:7,0
DA:10,1
DA:16,5
DA:17,5
DA:24,1
DA:25,1
DA:31,0
DA:32,0
DA:34,0
LF:14
LH:9
BRDA:2,0,0,0
BRDA:2,0,1,1
BRDA:2,1,0,1
BRDA:2,1,1,0
BRDA:4,2,0,1
BRDA:4,2,1,0
BRDA:16,3,0,4
BRDA:16,3,1,1
BRDA:24,4,0,1
BRDA:24,4,1,0
BRDA:31,5,0,0
BRDA:31,5,1,0
BRF:12
BRH:6
end_of_record
TN:
SF:mocks/mockDateSetup.js
FN:5,setupMockDate
FN:6,reset
FN:10,set
FN:11,(anonymous_3)
FN:14,(anonymous_4)
FNF:5
FNH:5
FNDA:33,setupMockDate
FNDA:33,reset
FNDA:30,set
FNDA:21,(anonymous_3)
FNDA:21,(anonymous_4)
DA:1,1
DA:3,1
DA:7,33
DA:11,30
DA:14,21
DA:15,21
DA:18,21
DA:21,30
DA:22,30
DA:25,30
DA:26,21
DA:30,33
DA:33,1
LF:13
LH:13
BRDA:21,0,0,30
BRDA:21,0,1,0
BRDA:25,1,0,21
BRDA:25,1,1,9
BRF:4
BRH:3
end_of_record
